{
  "RSpec": {
    "coverage": {
      "/Users/jon.gallion/workspace/contest-app/app/helpers/application_helper.rb": [
        1,
        null
      ],
      "/Users/jon.gallion/workspace/contest-app/app/models/contest_entry.rb": [
        1,
        1,
        null,
        1,
        1,
        3,
        2,
        2,
        2,
        2,
        null,
        null,
        null,
        1,
        0,
        0,
        0,
        0,
        null,
        null,
        null,
        null,
        null
      ],
      "/Users/jon.gallion/workspace/contest-app/app/models/application_record.rb": [
        1,
        1,
        null
      ],
      "/Users/jon.gallion/workspace/contest-app/app/services/contest_service.rb": [
        1,
        1,
        1,
        42,
        null,
        null,
        1,
        16,
        null,
        null,
        null,
        1,
        null,
        1,
        4,
        null,
        null,
        1,
        1,
        null,
        1,
        null,
        null,
        1,
        null,
        null,
        1,
        null,
        3,
        null,
        null,
        1,
        1,
        null,
        null
      ],
      "/Users/jon.gallion/workspace/contest-app/app/controllers/home_controller.rb": [
        1,
        1,
        null
      ],
      "/Users/jon.gallion/workspace/contest-app/app/controllers/application_controller.rb": [
        1,
        1,
        null
      ],
      "/Users/jon.gallion/workspace/contest-app/app/controllers/concerns/contest.rb": [
        1,
        1,
        null,
        1,
        1,
        1,
        null,
        null,
        1,
        3,
        null,
        2,
        null,
        null,
        1,
        null,
        1,
        3,
        null,
        null,
        1,
        5,
        null,
        null,
        1,
        5,
        null,
        null,
        1,
        2,
        null,
        0,
        null,
        null,
        1,
        3,
        1,
        null,
        1,
        null,
        null,
        1,
        3,
        null,
        null,
        1,
        1,
        null,
        null,
        1,
        2,
        null,
        null,
        1,
        6,
        null,
        6,
        null,
        null,
        1,
        6,
        null,
        6,
        null,
        null,
        1,
        3,
        null,
        null,
        null,
        null,
        1,
        3,
        null,
        0,
        0,
        0,
        null,
        null,
        0,
        null,
        null,
        1,
        0,
        null,
        null,
        1,
        6,
        null,
        0,
        null,
        null,
        1,
        3,
        null,
        null,
        1,
        null,
        10,
        null,
        null,
        null,
        null,
        null
      ],
      "/Users/jon.gallion/workspace/contest-app/app/services/user.rb": [
        1,
        1,
        1,
        1,
        1,
        null,
        null,
        1,
        null,
        null
      ],
      "/Users/jon.gallion/workspace/contest-app/app/controllers/contest_controller.rb": [
        0,
        0,
        null,
        0,
        null,
        0,
        0,
        0,
        0,
        0,
        0,
        0,
        null,
        0,
        null,
        0,
        0,
        null,
        0,
        0,
        0,
        null,
        0,
        0,
        0,
        null,
        0,
        0,
        0,
        null,
        0,
        0,
        0,
        0
      ]
    },
    "timestamp": 1562879176
  }
}
